{"C:\\Users\\HP\\Downloads\\NAMASTE-REACT\\src\\components\\Body.jsx": {"path":"C:\\Users\\HP\\Downloads\\NAMASTE-REACT\\src\\components\\Body.jsx","statementMap":{"0":{"start":{"line":9,"column":13},"end":{"line":125,"column":1}},"1":{"start":{"line":10,"column":52},"end":{"line":10,"column":64}},"2":{"start":{"line":11,"column":56},"end":{"line":11,"column":68}},"3":{"start":{"line":12,"column":38},"end":{"line":12,"column":50}},"4":{"start":{"line":14,"column":23},"end":{"line":14,"column":40}},"5":{"start":{"line":15,"column":33},"end":{"line":15,"column":66}},"6":{"start":{"line":17,"column":2},"end":{"line":19,"column":9}},"7":{"start":{"line":18,"column":4},"end":{"line":18,"column":16}},"8":{"start":{"line":21,"column":20},"end":{"line":38,"column":3}},"9":{"start":{"line":22,"column":17},"end":{"line":25,"column":5}},"10":{"start":{"line":27,"column":27},"end":{"line":27,"column":44}},"11":{"start":{"line":28,"column":4},"end":{"line":28,"column":32}},"12":{"start":{"line":29,"column":4},"end":{"line":32,"column":6}},"13":{"start":{"line":34,"column":4},"end":{"line":37,"column":6}},"14":{"start":{"line":40,"column":2},"end":{"line":46,"column":3}},"15":{"start":{"line":41,"column":4},"end":{"line":45,"column":6}},"16":{"start":{"line":48,"column":40},"end":{"line":48,"column":63}},"17":{"start":{"line":49,"column":2},"end":{"line":124,"column":4}},"18":{"start":{"line":62,"column":14},"end":{"line":62,"column":44}},"19":{"start":{"line":68,"column":42},"end":{"line":73,"column":15}},"20":{"start":{"line":70,"column":18},"end":{"line":72,"column":55}},"21":{"start":{"line":74,"column":14},"end":{"line":74,"column":58}},"22":{"start":{"line":84,"column":35},"end":{"line":86,"column":15}},"23":{"start":{"line":85,"column":32},"end":{"line":85,"column":63}},"24":{"start":{"line":87,"column":14},"end":{"line":87,"column":40}},"25":{"start":{"line":89,"column":14},"end":{"line":89,"column":51}},"26":{"start":{"line":103,"column":14},"end":{"line":103,"column":42}},"27":{"start":{"line":110,"column":10},"end":{"line":120,"column":17}}},"fnMap":{"0":{"name":"(anonymous_0)","decl":{"start":{"line":9,"column":13},"end":{"line":9,"column":14}},"loc":{"start":{"line":9,"column":19},"end":{"line":125,"column":1}},"line":9},"1":{"name":"(anonymous_1)","decl":{"start":{"line":17,"column":12},"end":{"line":17,"column":13}},"loc":{"start":{"line":17,"column":18},"end":{"line":19,"column":3}},"line":17},"2":{"name":"(anonymous_2)","decl":{"start":{"line":21,"column":20},"end":{"line":21,"column":21}},"loc":{"start":{"line":21,"column":32},"end":{"line":38,"column":3}},"line":21},"3":{"name":"(anonymous_3)","decl":{"start":{"line":61,"column":22},"end":{"line":61,"column":23}},"loc":{"start":{"line":61,"column":29},"end":{"line":63,"column":13}},"line":61},"4":{"name":"(anonymous_4)","decl":{"start":{"line":67,"column":21},"end":{"line":67,"column":22}},"loc":{"start":{"line":67,"column":27},"end":{"line":75,"column":13}},"line":67},"5":{"name":"(anonymous_5)","decl":{"start":{"line":69,"column":16},"end":{"line":69,"column":17}},"loc":{"start":{"line":70,"column":18},"end":{"line":72,"column":55}},"line":70},"6":{"name":"(anonymous_6)","decl":{"start":{"line":83,"column":21},"end":{"line":83,"column":22}},"loc":{"start":{"line":83,"column":27},"end":{"line":90,"column":13}},"line":83},"7":{"name":"(anonymous_7)","decl":{"start":{"line":85,"column":16},"end":{"line":85,"column":17}},"loc":{"start":{"line":85,"column":32},"end":{"line":85,"column":63}},"line":85},"8":{"name":"(anonymous_8)","decl":{"start":{"line":102,"column":22},"end":{"line":102,"column":23}},"loc":{"start":{"line":102,"column":29},"end":{"line":104,"column":13}},"line":102},"9":{"name":"(anonymous_9)","decl":{"start":{"line":109,"column":34},"end":{"line":109,"column":35}},"loc":{"start":{"line":110,"column":10},"end":{"line":120,"column":17}},"line":110}},"branchMap":{"0":{"loc":{"start":{"line":40,"column":2},"end":{"line":46,"column":3}},"type":"if","locations":[{"start":{"line":40,"column":2},"end":{"line":46,"column":3}},{"start":{},"end":{}}],"line":40},"1":{"loc":{"start":{"line":49,"column":9},"end":{"line":124,"column":3}},"type":"cond-expr","locations":[{"start":{"line":50,"column":4},"end":{"line":50,"column":15}},{"start":{"line":52,"column":4},"end":{"line":123,"column":10}}],"line":49},"2":{"loc":{"start":{"line":115,"column":13},"end":{"line":119,"column":13}},"type":"cond-expr","locations":[{"start":{"line":116,"column":14},"end":{"line":116,"column":61}},{"start":{"line":118,"column":14},"end":{"line":118,"column":53}}],"line":115}},"s":{"0":1,"1":7,"2":7,"3":7,"4":7,"5":7,"6":7,"7":2,"8":7,"9":2,"10":2,"11":2,"12":2,"13":2,"14":7,"15":0,"16":7,"17":7,"18":1,"19":1,"20":20,"21":1,"22":1,"23":20,"24":1,"25":1,"26":0,"27":65},"f":{"0":7,"1":2,"2":2,"3":1,"4":1,"5":20,"6":1,"7":20,"8":0,"9":65},"b":{"0":[0,7],"1":[2,5],"2":[59,6]},"_coverageSchema":"1a1c01bbd47fc00a2c39e90264f33305004495a9","hash":"00b4da721742e8802496f338420583592869641b"}
,"C:\\Users\\HP\\Downloads\\NAMASTE-REACT\\src\\components\\Cart.jsx": {"path":"C:\\Users\\HP\\Downloads\\NAMASTE-REACT\\src\\components\\Cart.jsx","statementMap":{"0":{"start":{"line":6,"column":13},"end":{"line":36,"column":1}},"1":{"start":{"line":7,"column":20},"end":{"line":7,"column":60}},"2":{"start":{"line":7,"column":43},"end":{"line":7,"column":59}},"3":{"start":{"line":9,"column":19},"end":{"line":9,"column":32}},"4":{"start":{"line":10,"column":26},"end":{"line":12,"column":3}},"5":{"start":{"line":11,"column":4},"end":{"line":11,"column":26}},"6":{"start":{"line":13,"column":2},"end":{"line":35,"column":4}}},"fnMap":{"0":{"name":"(anonymous_0)","decl":{"start":{"line":6,"column":13},"end":{"line":6,"column":14}},"loc":{"start":{"line":6,"column":19},"end":{"line":36,"column":1}},"line":6},"1":{"name":"(anonymous_1)","decl":{"start":{"line":7,"column":32},"end":{"line":7,"column":33}},"loc":{"start":{"line":7,"column":43},"end":{"line":7,"column":59}},"line":7},"2":{"name":"(anonymous_2)","decl":{"start":{"line":10,"column":26},"end":{"line":10,"column":27}},"loc":{"start":{"line":10,"column":32},"end":{"line":12,"column":3}},"line":10}},"branchMap":{"0":{"loc":{"start":{"line":16,"column":7},"end":{"line":33,"column":7}},"type":"cond-expr","locations":[{"start":{"line":17,"column":8},"end":{"line":22,"column":14}},{"start":{"line":24,"column":8},"end":{"line":32,"column":14}}],"line":16}},"s":{"0":1,"1":4,"2":8,"3":4,"4":4,"5":1,"6":4},"f":{"0":4,"1":8,"2":1},"b":{"0":[2,2]},"_coverageSchema":"1a1c01bbd47fc00a2c39e90264f33305004495a9","hash":"da46a9dc4230a47a293a11d8b1f0700a2b4844e1"}
,"C:\\Users\\HP\\Downloads\\NAMASTE-REACT\\src\\components\\Contact.jsx": {"path":"C:\\Users\\HP\\Downloads\\NAMASTE-REACT\\src\\components\\Contact.jsx","statementMap":{"0":{"start":{"line":7,"column":4},"end":{"line":7,"column":17}},"1":{"start":{"line":8,"column":4},"end":{"line":11,"column":6}},"2":{"start":{"line":25,"column":29},"end":{"line":25,"column":39}},"3":{"start":{"line":27,"column":4},"end":{"line":48,"column":6}}},"fnMap":{"0":{"name":"(anonymous_0)","decl":{"start":{"line":6,"column":2},"end":{"line":6,"column":3}},"loc":{"start":{"line":6,"column":21},"end":{"line":12,"column":3}},"line":6},"1":{"name":"(anonymous_1)","decl":{"start":{"line":24,"column":2},"end":{"line":24,"column":3}},"loc":{"start":{"line":24,"column":11},"end":{"line":49,"column":3}},"line":24}},"branchMap":{},"s":{"0":3,"1":3,"2":3,"3":3},"f":{"0":3,"1":3},"b":{},"_coverageSchema":"1a1c01bbd47fc00a2c39e90264f33305004495a9","hash":"c465605fb60a49dda360a1e1dfb553d20e51bbc0"}
,"C:\\Users\\HP\\Downloads\\NAMASTE-REACT\\src\\components\\Header.jsx": {"path":"C:\\Users\\HP\\Downloads\\NAMASTE-REACT\\src\\components\\Header.jsx","statementMap":{"0":{"start":{"line":9,"column":15},"end":{"line":59,"column":1}},"1":{"start":{"line":10,"column":34},"end":{"line":10,"column":51}},"2":{"start":{"line":12,"column":17},"end":{"line":12,"column":34}},"3":{"start":{"line":13,"column":27},"end":{"line":13,"column":50}},"4":{"start":{"line":16,"column":20},"end":{"line":16,"column":60}},"5":{"start":{"line":16,"column":43},"end":{"line":16,"column":59}},"6":{"start":{"line":19,"column":2},"end":{"line":58,"column":4}},"7":{"start":{"line":46,"column":16},"end":{"line":48,"column":40}}},"fnMap":{"0":{"name":"(anonymous_0)","decl":{"start":{"line":9,"column":15},"end":{"line":9,"column":16}},"loc":{"start":{"line":9,"column":21},"end":{"line":59,"column":1}},"line":9},"1":{"name":"(anonymous_1)","decl":{"start":{"line":16,"column":32},"end":{"line":16,"column":33}},"loc":{"start":{"line":16,"column":43},"end":{"line":16,"column":59}},"line":16},"2":{"name":"(anonymous_2)","decl":{"start":{"line":45,"column":23},"end":{"line":45,"column":24}},"loc":{"start":{"line":46,"column":16},"end":{"line":48,"column":40}},"line":46}},"branchMap":{"0":{"loc":{"start":{"line":26,"column":23},"end":{"line":26,"column":43}},"type":"cond-expr","locations":[{"start":{"line":26,"column":32},"end":{"line":26,"column":36}},{"start":{"line":26,"column":39},"end":{"line":26,"column":43}}],"line":26},"1":{"loc":{"start":{"line":46,"column":16},"end":{"line":48,"column":40}},"type":"cond-expr","locations":[{"start":{"line":47,"column":20},"end":{"line":47,"column":41}},{"start":{"line":48,"column":20},"end":{"line":48,"column":40}}],"line":46}},"s":{"0":2,"1":9,"2":9,"3":9,"4":9,"5":17,"6":9,"7":1},"f":{"0":9,"1":17,"2":1},"b":{"0":[9,0],"1":[1,0]},"_coverageSchema":"1a1c01bbd47fc00a2c39e90264f33305004495a9","hash":"c23eee290db833b0b70f9ac0bb98c0723216b1fd"}
,"C:\\Users\\HP\\Downloads\\NAMASTE-REACT\\src\\components\\ItemList.jsx": {"path":"C:\\Users\\HP\\Downloads\\NAMASTE-REACT\\src\\components\\ItemList.jsx","statementMap":{"0":{"start":{"line":6,"column":17},"end":{"line":50,"column":1}},"1":{"start":{"line":7,"column":19},"end":{"line":7,"column":32}},"2":{"start":{"line":8,"column":24},"end":{"line":11,"column":3}},"3":{"start":{"line":10,"column":4},"end":{"line":10,"column":28}},"4":{"start":{"line":13,"column":2},"end":{"line":49,"column":4}},"5":{"start":{"line":16,"column":8},"end":{"line":46,"column":14}},"6":{"start":{"line":40,"column":31},"end":{"line":40,"column":50}}},"fnMap":{"0":{"name":"(anonymous_0)","decl":{"start":{"line":6,"column":17},"end":{"line":6,"column":18}},"loc":{"start":{"line":6,"column":32},"end":{"line":50,"column":1}},"line":6},"1":{"name":"(anonymous_1)","decl":{"start":{"line":8,"column":24},"end":{"line":8,"column":25}},"loc":{"start":{"line":8,"column":34},"end":{"line":11,"column":3}},"line":8},"2":{"name":"(anonymous_2)","decl":{"start":{"line":15,"column":17},"end":{"line":15,"column":18}},"loc":{"start":{"line":16,"column":8},"end":{"line":46,"column":14}},"line":16},"3":{"name":"(anonymous_3)","decl":{"start":{"line":40,"column":25},"end":{"line":40,"column":26}},"loc":{"start":{"line":40,"column":31},"end":{"line":40,"column":50}},"line":40}},"branchMap":{"0":{"loc":{"start":{"line":22,"column":18},"end":{"line":22,"column":58}},"type":"cond-expr","locations":[{"start":{"line":22,"column":47},"end":{"line":22,"column":51}},{"start":{"line":22,"column":54},"end":{"line":22,"column":58}}],"line":22},"1":{"loc":{"start":{"line":26,"column":15},"end":{"line":28,"column":54}},"type":"cond-expr","locations":[{"start":{"line":27,"column":18},"end":{"line":27,"column":47}},{"start":{"line":28,"column":18},"end":{"line":28,"column":54}}],"line":26}},"s":{"0":1,"1":3,"2":3,"3":2,"4":3,"5":7,"6":2},"f":{"0":3,"1":2,"2":7,"3":2},"b":{"0":[7,0],"1":[7,0]},"_coverageSchema":"1a1c01bbd47fc00a2c39e90264f33305004495a9","hash":"1c229d60999d717560492e7055f5fab16937bcb2"}
,"C:\\Users\\HP\\Downloads\\NAMASTE-REACT\\src\\components\\RestaurantCard.jsx": {"path":"C:\\Users\\HP\\Downloads\\NAMASTE-REACT\\src\\components\\RestaurantCard.jsx","statementMap":{"0":{"start":{"line":5,"column":23},"end":{"line":33,"column":1}},"1":{"start":{"line":6,"column":22},"end":{"line":6,"column":27}},"2":{"start":{"line":15,"column":6},"end":{"line":15,"column":19}},"3":{"start":{"line":17,"column":27},"end":{"line":17,"column":50}},"4":{"start":{"line":18,"column":2},"end":{"line":32,"column":4}},"5":{"start":{"line":35,"column":33},"end":{"line":46,"column":1}},"6":{"start":{"line":36,"column":2},"end":{"line":45,"column":4}},"7":{"start":{"line":37,"column":4},"end":{"line":44,"column":6}}},"fnMap":{"0":{"name":"(anonymous_0)","decl":{"start":{"line":5,"column":23},"end":{"line":5,"column":24}},"loc":{"start":{"line":5,"column":34},"end":{"line":33,"column":1}},"line":5},"1":{"name":"(anonymous_1)","decl":{"start":{"line":35,"column":33},"end":{"line":35,"column":34}},"loc":{"start":{"line":35,"column":53},"end":{"line":46,"column":1}},"line":35},"2":{"name":"(anonymous_2)","decl":{"start":{"line":36,"column":9},"end":{"line":36,"column":10}},"loc":{"start":{"line":36,"column":20},"end":{"line":45,"column":3}},"line":36}},"branchMap":{},"s":{"0":2,"1":67,"2":67,"3":67,"4":67,"5":2,"6":8,"7":60},"f":{"0":67,"1":8,"2":60},"b":{},"_coverageSchema":"1a1c01bbd47fc00a2c39e90264f33305004495a9","hash":"cbcf5f1d942db9459f9161e4ce8aa1d2d1c86f65"}
,"C:\\Users\\HP\\Downloads\\NAMASTE-REACT\\src\\components\\RestaurantCategory.jsx": {"path":"C:\\Users\\HP\\Downloads\\NAMASTE-REACT\\src\\components\\RestaurantCategory.jsx","statementMap":{"0":{"start":{"line":4,"column":27},"end":{"line":26,"column":1}},"1":{"start":{"line":5,"column":22},"end":{"line":7,"column":3}},"2":{"start":{"line":6,"column":4},"end":{"line":6,"column":18}},"3":{"start":{"line":9,"column":2},"end":{"line":25,"column":4}}},"fnMap":{"0":{"name":"(anonymous_0)","decl":{"start":{"line":4,"column":27},"end":{"line":4,"column":28}},"loc":{"start":{"line":4,"column":64},"end":{"line":26,"column":1}},"line":4},"1":{"name":"(anonymous_1)","decl":{"start":{"line":5,"column":22},"end":{"line":5,"column":23}},"loc":{"start":{"line":5,"column":28},"end":{"line":7,"column":3}},"line":5}},"branchMap":{"0":{"loc":{"start":{"line":22,"column":9},"end":{"line":22,"column":56}},"type":"binary-expr","locations":[{"start":{"line":22,"column":9},"end":{"line":22,"column":17}},{"start":{"line":22,"column":21},"end":{"line":22,"column":56}}],"line":22}},"s":{"0":1,"1":38,"2":1,"3":38},"f":{"0":38,"1":1},"b":{"0":[38,1]},"_coverageSchema":"1a1c01bbd47fc00a2c39e90264f33305004495a9","hash":"f1108d9a2ed6c9d35c62effa254829b5690cb06c"}
,"C:\\Users\\HP\\Downloads\\NAMASTE-REACT\\src\\components\\RestaurantMenu.jsx": {"path":"C:\\Users\\HP\\Downloads\\NAMASTE-REACT\\src\\components\\RestaurantMenu.jsx","statementMap":{"0":{"start":{"line":7,"column":23},"end":{"line":50,"column":1}},"1":{"start":{"line":8,"column":36},"end":{"line":8,"column":48}},"2":{"start":{"line":10,"column":20},"end":{"line":10,"column":31}},"3":{"start":{"line":12,"column":18},"end":{"line":12,"column":42}},"4":{"start":{"line":14,"column":2},"end":{"line":14,"column":43}},"5":{"start":{"line":14,"column":24},"end":{"line":14,"column":43}},"6":{"start":{"line":17,"column":4},"end":{"line":17,"column":45}},"7":{"start":{"line":20,"column":4},"end":{"line":21,"column":17}},"8":{"start":{"line":24,"column":4},"end":{"line":28,"column":5}},"9":{"start":{"line":26,"column":8},"end":{"line":27,"column":70}},"10":{"start":{"line":30,"column":2},"end":{"line":49,"column":4}},"11":{"start":{"line":39,"column":8},"end":{"line":46,"column":10}},"12":{"start":{"line":44,"column":12},"end":{"line":44,"column":73}}},"fnMap":{"0":{"name":"(anonymous_0)","decl":{"start":{"line":7,"column":23},"end":{"line":7,"column":24}},"loc":{"start":{"line":7,"column":29},"end":{"line":50,"column":1}},"line":7},"1":{"name":"(anonymous_1)","decl":{"start":{"line":25,"column":6},"end":{"line":25,"column":7}},"loc":{"start":{"line":26,"column":8},"end":{"line":27,"column":70}},"line":26},"2":{"name":"(anonymous_2)","decl":{"start":{"line":38,"column":22},"end":{"line":38,"column":23}},"loc":{"start":{"line":39,"column":8},"end":{"line":46,"column":10}},"line":39},"3":{"name":"(anonymous_3)","decl":{"start":{"line":43,"column":23},"end":{"line":43,"column":24}},"loc":{"start":{"line":43,"column":29},"end":{"line":45,"column":11}},"line":43}},"branchMap":{"0":{"loc":{"start":{"line":14,"column":2},"end":{"line":14,"column":43}},"type":"if","locations":[{"start":{"line":14,"column":2},"end":{"line":14,"column":43}},{"start":{},"end":{}}],"line":14},"1":{"loc":{"start":{"line":17,"column":4},"end":{"line":17,"column":45}},"type":"binary-expr","locations":[{"start":{"line":17,"column":4},"end":{"line":17,"column":39}},{"start":{"line":17,"column":43},"end":{"line":17,"column":45}}],"line":17},"2":{"loc":{"start":{"line":44,"column":12},"end":{"line":44,"column":72}},"type":"cond-expr","locations":[{"start":{"line":44,"column":34},"end":{"line":44,"column":50}},{"start":{"line":44,"column":53},"end":{"line":44,"column":72}}],"line":44}},"s":{"0":1,"1":3,"2":3,"3":3,"4":3,"5":1,"6":2,"7":2,"8":2,"9":42,"10":2,"11":38,"12":1},"f":{"0":3,"1":42,"2":38,"3":1},"b":{"0":[1,2],"1":[2,0],"2":[0,1]},"_coverageSchema":"1a1c01bbd47fc00a2c39e90264f33305004495a9","hash":"9e0e176b1744f3d31e1dc00f26a6f2ac5463dc20"}
,"C:\\Users\\HP\\Downloads\\NAMASTE-REACT\\src\\components\\Shimmer.jsx": {"path":"C:\\Users\\HP\\Downloads\\NAMASTE-REACT\\src\\components\\Shimmer.jsx","statementMap":{"0":{"start":{"line":3,"column":16},"end":{"line":30,"column":1}},"1":{"start":{"line":4,"column":2},"end":{"line":29,"column":4}}},"fnMap":{"0":{"name":"(anonymous_0)","decl":{"start":{"line":3,"column":16},"end":{"line":3,"column":17}},"loc":{"start":{"line":3,"column":22},"end":{"line":30,"column":1}},"line":3}},"branchMap":{},"s":{"0":2,"1":3},"f":{"0":3},"b":{},"_coverageSchema":"1a1c01bbd47fc00a2c39e90264f33305004495a9","hash":"fe9d5f8e6ee1f07a6247bf7768798f319f64d131"}
,"C:\\Users\\HP\\Downloads\\NAMASTE-REACT\\src\\components\\User.jsx": {"path":"C:\\Users\\HP\\Downloads\\NAMASTE-REACT\\src\\components\\User.jsx","statementMap":{"0":{"start":{"line":3,"column":13},"end":{"line":20,"column":1}},"1":{"start":{"line":4,"column":28},"end":{"line":4,"column":39}},"2":{"start":{"line":5,"column":30},"end":{"line":5,"column":41}},"3":{"start":{"line":6,"column":24},"end":{"line":8,"column":3}},"4":{"start":{"line":7,"column":4},"end":{"line":7,"column":24}},"5":{"start":{"line":10,"column":2},"end":{"line":19,"column":4}}},"fnMap":{"0":{"name":"(anonymous_0)","decl":{"start":{"line":3,"column":13},"end":{"line":3,"column":14}},"loc":{"start":{"line":3,"column":37},"end":{"line":20,"column":1}},"line":3},"1":{"name":"(anonymous_1)","decl":{"start":{"line":6,"column":24},"end":{"line":6,"column":25}},"loc":{"start":{"line":6,"column":30},"end":{"line":8,"column":3}},"line":6}},"branchMap":{},"s":{"0":1,"1":0,"2":0,"3":0,"4":0,"5":0},"f":{"0":0,"1":0},"b":{},"_coverageSchema":"1a1c01bbd47fc00a2c39e90264f33305004495a9","hash":"387804c55defa0a9334c6e1796171d82cd680907"}
,"C:\\Users\\HP\\Downloads\\NAMASTE-REACT\\src\\components\\UserClass.jsx": {"path":"C:\\Users\\HP\\Downloads\\NAMASTE-REACT\\src\\components\\UserClass.jsx","statementMap":{"0":{"start":{"line":5,"column":4},"end":{"line":5,"column":17}},"1":{"start":{"line":6,"column":4},"end":{"line":6,"column":20}},"2":{"start":{"line":12,"column":25},"end":{"line":12,"column":35}},"3":{"start":{"line":14,"column":4},"end":{"line":20,"column":6}}},"fnMap":{"0":{"name":"(anonymous_0)","decl":{"start":{"line":4,"column":2},"end":{"line":4,"column":3}},"loc":{"start":{"line":4,"column":21},"end":{"line":7,"column":3}},"line":4},"1":{"name":"(anonymous_1)","decl":{"start":{"line":9,"column":2},"end":{"line":9,"column":3}},"loc":{"start":{"line":9,"column":22},"end":{"line":9,"column":24}},"line":9},"2":{"name":"(anonymous_2)","decl":{"start":{"line":11,"column":2},"end":{"line":11,"column":3}},"loc":{"start":{"line":11,"column":11},"end":{"line":21,"column":3}},"line":11}},"branchMap":{},"s":{"0":0,"1":0,"2":0,"3":0},"f":{"0":0,"1":0,"2":0},"b":{},"_coverageSchema":"1a1c01bbd47fc00a2c39e90264f33305004495a9","hash":"240ea7958cec19e7d0c9891326e345b3d8305288"}
,"C:\\Users\\HP\\Downloads\\NAMASTE-REACT\\src\\components\\sum.js": {"path":"C:\\Users\\HP\\Downloads\\NAMASTE-REACT\\src\\components\\sum.js","statementMap":{"0":{"start":{"line":1,"column":19},"end":{"line":3,"column":1}},"1":{"start":{"line":2,"column":2},"end":{"line":2,"column":15}}},"fnMap":{"0":{"name":"(anonymous_0)","decl":{"start":{"line":1,"column":19},"end":{"line":1,"column":20}},"loc":{"start":{"line":1,"column":29},"end":{"line":3,"column":1}},"line":1}},"branchMap":{},"s":{"0":1,"1":1},"f":{"0":1},"b":{},"_coverageSchema":"1a1c01bbd47fc00a2c39e90264f33305004495a9","hash":"cc20cb85c3635c91cd91cd4767c342293ead5e85"}
,"C:\\Users\\HP\\Downloads\\NAMASTE-REACT\\src\\utils\\UserContext.js": {"path":"C:\\Users\\HP\\Downloads\\NAMASTE-REACT\\src\\utils\\UserContext.js","statementMap":{"0":{"start":{"line":3,"column":20},"end":{"line":5,"column":2}}},"fnMap":{},"branchMap":{},"s":{"0":4},"f":{},"b":{},"_coverageSchema":"1a1c01bbd47fc00a2c39e90264f33305004495a9","hash":"9f67d03bcd7fcbab472ef46ca55d6d5c7e0d51d6"}
,"C:\\Users\\HP\\Downloads\\NAMASTE-REACT\\src\\utils\\appStore.js": {"path":"C:\\Users\\HP\\Downloads\\NAMASTE-REACT\\src\\utils\\appStore.js","statementMap":{"0":{"start":{"line":4,"column":17},"end":{"line":8,"column":2}}},"fnMap":{},"branchMap":{},"s":{"0":2},"f":{},"b":{},"_coverageSchema":"1a1c01bbd47fc00a2c39e90264f33305004495a9","hash":"363be1c147b111405d61dc5fb079030318a4bfc9"}
,"C:\\Users\\HP\\Downloads\\NAMASTE-REACT\\src\\utils\\cartSlice.js": {"path":"C:\\Users\\HP\\Downloads\\NAMASTE-REACT\\src\\utils\\cartSlice.js","statementMap":{"0":{"start":{"line":3,"column":18},"end":{"line":20,"column":2}},"1":{"start":{"line":11,"column":6},"end":{"line":11,"column":39}},"2":{"start":{"line":14,"column":6},"end":{"line":14,"column":24}},"3":{"start":{"line":17,"column":6},"end":{"line":17,"column":29}},"4":{"start":{"line":22,"column":50},"end":{"line":22,"column":67}}},"fnMap":{"0":{"name":"(anonymous_0)","decl":{"start":{"line":10,"column":13},"end":{"line":10,"column":14}},"loc":{"start":{"line":10,"column":32},"end":{"line":12,"column":5}},"line":10},"1":{"name":"(anonymous_1)","decl":{"start":{"line":13,"column":16},"end":{"line":13,"column":17}},"loc":{"start":{"line":13,"column":35},"end":{"line":15,"column":5}},"line":13},"2":{"name":"(anonymous_2)","decl":{"start":{"line":16,"column":15},"end":{"line":16,"column":16}},"loc":{"start":{"line":16,"column":34},"end":{"line":18,"column":5}},"line":16}},"branchMap":{},"s":{"0":2,"1":2,"2":0,"3":1,"4":2},"f":{"0":2,"1":0,"2":1},"b":{},"_coverageSchema":"1a1c01bbd47fc00a2c39e90264f33305004495a9","hash":"1a0a8d7dbf669b27f1969462549a62aac52fc008"}
,"C:\\Users\\HP\\Downloads\\NAMASTE-REACT\\src\\utils\\constants.js": {"path":"C:\\Users\\HP\\Downloads\\NAMASTE-REACT\\src\\utils\\constants.js","statementMap":{"0":{"start":{"line":2,"column":2},"end":{"line":2,"column":85}},"1":{"start":{"line":5,"column":2},"end":{"line":5,"column":142}},"2":{"start":{"line":8,"column":2},"end":{"line":8,"column":121}}},"fnMap":{},"branchMap":{},"s":{"0":4,"1":4,"2":4},"f":{},"b":{},"_coverageSchema":"1a1c01bbd47fc00a2c39e90264f33305004495a9","hash":"4519c2f42b7407360b00bdf8d798fcb2832279b8"}
,"C:\\Users\\HP\\Downloads\\NAMASTE-REACT\\src\\utils\\useOnlineStatus.js": {"path":"C:\\Users\\HP\\Downloads\\NAMASTE-REACT\\src\\utils\\useOnlineStatus.js","statementMap":{"0":{"start":{"line":3,"column":24},"end":{"line":17,"column":1}},"1":{"start":{"line":4,"column":42},"end":{"line":4,"column":56}},"2":{"start":{"line":6,"column":2},"end":{"line":14,"column":9}},"3":{"start":{"line":7,"column":4},"end":{"line":9,"column":7}},"4":{"start":{"line":8,"column":6},"end":{"line":8,"column":29}},"5":{"start":{"line":11,"column":4},"end":{"line":13,"column":7}},"6":{"start":{"line":12,"column":6},"end":{"line":12,"column":28}},"7":{"start":{"line":16,"column":2},"end":{"line":16,"column":22}}},"fnMap":{"0":{"name":"(anonymous_0)","decl":{"start":{"line":3,"column":24},"end":{"line":3,"column":25}},"loc":{"start":{"line":3,"column":30},"end":{"line":17,"column":1}},"line":3},"1":{"name":"(anonymous_1)","decl":{"start":{"line":6,"column":12},"end":{"line":6,"column":13}},"loc":{"start":{"line":6,"column":18},"end":{"line":14,"column":3}},"line":6},"2":{"name":"(anonymous_2)","decl":{"start":{"line":7,"column":39},"end":{"line":7,"column":40}},"loc":{"start":{"line":7,"column":45},"end":{"line":9,"column":5}},"line":7},"3":{"name":"(anonymous_3)","decl":{"start":{"line":11,"column":38},"end":{"line":11,"column":39}},"loc":{"start":{"line":11,"column":44},"end":{"line":13,"column":5}},"line":11}},"branchMap":{},"s":{"0":3,"1":16,"2":16,"3":7,"4":0,"5":7,"6":0,"7":16},"f":{"0":16,"1":7,"2":0,"3":0},"b":{},"_coverageSchema":"1a1c01bbd47fc00a2c39e90264f33305004495a9","hash":"72253a4e39aae1d7e64b131176b63573ad66bbb4"}
,"C:\\Users\\HP\\Downloads\\NAMASTE-REACT\\src\\utils\\useRestaurantMenu.js": {"path":"C:\\Users\\HP\\Downloads\\NAMASTE-REACT\\src\\utils\\useRestaurantMenu.js","statementMap":{"0":{"start":{"line":4,"column":26},"end":{"line":24,"column":1}},"1":{"start":{"line":5,"column":32},"end":{"line":5,"column":46}},"2":{"start":{"line":7,"column":2},"end":{"line":9,"column":9}},"3":{"start":{"line":8,"column":4},"end":{"line":8,"column":21}},"4":{"start":{"line":11,"column":20},"end":{"line":21,"column":3}},"5":{"start":{"line":12,"column":4},"end":{"line":20,"column":5}},"6":{"start":{"line":13,"column":19},"end":{"line":13,"column":59}},"7":{"start":{"line":15,"column":23},"end":{"line":15,"column":40}},"8":{"start":{"line":17,"column":6},"end":{"line":17,"column":32}},"9":{"start":{"line":19,"column":6},"end":{"line":19,"column":62}},"10":{"start":{"line":23,"column":2},"end":{"line":23,"column":17}}},"fnMap":{"0":{"name":"(anonymous_0)","decl":{"start":{"line":4,"column":26},"end":{"line":4,"column":27}},"loc":{"start":{"line":4,"column":37},"end":{"line":24,"column":1}},"line":4},"1":{"name":"(anonymous_1)","decl":{"start":{"line":7,"column":12},"end":{"line":7,"column":13}},"loc":{"start":{"line":7,"column":18},"end":{"line":9,"column":3}},"line":7},"2":{"name":"(anonymous_2)","decl":{"start":{"line":11,"column":20},"end":{"line":11,"column":21}},"loc":{"start":{"line":11,"column":37},"end":{"line":21,"column":3}},"line":11}},"branchMap":{},"s":{"0":1,"1":3,"2":3,"3":1,"4":3,"5":1,"6":1,"7":1,"8":1,"9":0,"10":3},"f":{"0":3,"1":1,"2":1},"b":{},"_coverageSchema":"1a1c01bbd47fc00a2c39e90264f33305004495a9","hash":"8c4208e35235757f3e05772671751eb3a6b67ea6"}
}
