TN:
SF:src\components\Body.jsx
FN:9,(anonymous_0)
FN:17,(anonymous_1)
FN:21,(anonymous_2)
FN:61,(anonymous_3)
FN:67,(anonymous_4)
FN:69,(anonymous_5)
FN:83,(anonymous_6)
FN:85,(anonymous_7)
FN:102,(anonymous_8)
FN:109,(anonymous_9)
FNF:10
FNH:9
FNDA:7,(anonymous_0)
FNDA:2,(anonymous_1)
FNDA:2,(anonymous_2)
FNDA:1,(anonymous_3)
FNDA:1,(anonymous_4)
FNDA:20,(anonymous_5)
FNDA:1,(anonymous_6)
FNDA:20,(anonymous_7)
FNDA:0,(anonymous_8)
FNDA:65,(anonymous_9)
DA:9,1
DA:10,7
DA:11,7
DA:12,7
DA:14,7
DA:15,7
DA:17,7
DA:18,2
DA:21,7
DA:22,2
DA:27,2
DA:28,2
DA:29,2
DA:34,2
DA:40,7
DA:41,0
DA:48,7
DA:49,7
DA:62,1
DA:68,1
DA:70,20
DA:74,1
DA:84,1
DA:85,20
DA:87,1
DA:89,1
DA:103,0
DA:110,65
LF:28
LH:26
BRDA:40,0,0,0
BRDA:40,0,1,7
BRDA:49,1,0,2
BRDA:49,1,1,5
BRDA:115,2,0,59
BRDA:115,2,1,6
BRF:6
BRH:5
end_of_record
TN:
SF:src\components\Cart.jsx
FN:6,(anonymous_0)
FN:7,(anonymous_1)
FN:10,(anonymous_2)
FNF:3
FNH:3
FNDA:4,(anonymous_0)
FNDA:8,(anonymous_1)
FNDA:1,(anonymous_2)
DA:6,1
DA:7,8
DA:9,4
DA:10,4
DA:11,1
DA:13,4
LF:6
LH:6
BRDA:16,0,0,2
BRDA:16,0,1,2
BRF:2
BRH:2
end_of_record
TN:
SF:src\components\Contact.jsx
FN:6,(anonymous_0)
FN:24,(anonymous_1)
FNF:2
FNH:2
FNDA:3,(anonymous_0)
FNDA:3,(anonymous_1)
DA:7,3
DA:8,3
DA:25,3
DA:27,3
LF:4
LH:4
BRF:0
BRH:0
end_of_record
TN:
SF:src\components\Header.jsx
FN:9,(anonymous_0)
FN:16,(anonymous_1)
FN:45,(anonymous_2)
FNF:3
FNH:3
FNDA:9,(anonymous_0)
FNDA:17,(anonymous_1)
FNDA:1,(anonymous_2)
DA:9,2
DA:10,9
DA:12,9
DA:13,9
DA:16,17
DA:19,9
DA:46,1
LF:7
LH:7
BRDA:26,0,0,9
BRDA:26,0,1,0
BRDA:46,1,0,1
BRDA:46,1,1,0
BRF:4
BRH:2
end_of_record
TN:
SF:src\components\ItemList.jsx
FN:6,(anonymous_0)
FN:8,(anonymous_1)
FN:15,(anonymous_2)
FN:40,(anonymous_3)
FNF:4
FNH:4
FNDA:3,(anonymous_0)
FNDA:2,(anonymous_1)
FNDA:7,(anonymous_2)
FNDA:2,(anonymous_3)
DA:6,1
DA:7,3
DA:8,3
DA:10,2
DA:13,3
DA:16,7
DA:40,2
LF:7
LH:7
BRDA:22,0,0,7
BRDA:22,0,1,0
BRDA:26,1,0,7
BRDA:26,1,1,0
BRF:4
BRH:2
end_of_record
TN:
SF:src\components\RestaurantCard.jsx
FN:5,(anonymous_0)
FN:35,(anonymous_1)
FN:36,(anonymous_2)
FNF:3
FNH:3
FNDA:67,(anonymous_0)
FNDA:8,(anonymous_1)
FNDA:60,(anonymous_2)
DA:5,2
DA:6,67
DA:15,67
DA:17,67
DA:18,67
DA:35,2
DA:36,8
DA:37,60
LF:8
LH:8
BRF:0
BRH:0
end_of_record
TN:
SF:src\components\RestaurantCategory.jsx
FN:4,(anonymous_0)
FN:5,(anonymous_1)
FNF:2
FNH:2
FNDA:38,(anonymous_0)
FNDA:1,(anonymous_1)
DA:4,1
DA:5,38
DA:6,1
DA:9,38
LF:4
LH:4
BRDA:22,0,0,38
BRDA:22,0,1,1
BRF:2
BRH:2
end_of_record
TN:
SF:src\components\RestaurantMenu.jsx
FN:7,(anonymous_0)
FN:25,(anonymous_1)
FN:38,(anonymous_2)
FN:43,(anonymous_3)
FNF:4
FNH:4
FNDA:3,(anonymous_0)
FNDA:42,(anonymous_1)
FNDA:38,(anonymous_2)
FNDA:1,(anonymous_3)
DA:7,1
DA:8,3
DA:10,3
DA:12,3
DA:14,3
DA:17,2
DA:20,2
DA:24,2
DA:26,42
DA:30,2
DA:39,38
DA:44,1
LF:12
LH:12
BRDA:14,0,0,1
BRDA:14,0,1,2
BRDA:17,1,0,2
BRDA:17,1,1,0
BRDA:44,2,0,0
BRDA:44,2,1,1
BRF:6
BRH:4
end_of_record
TN:
SF:src\components\Shimmer.jsx
FN:3,(anonymous_0)
FNF:1
FNH:1
FNDA:3,(anonymous_0)
DA:3,2
DA:4,3
LF:2
LH:2
BRF:0
BRH:0
end_of_record
TN:
SF:src\components\User.jsx
FN:3,(anonymous_0)
FN:6,(anonymous_1)
FNF:2
FNH:0
FNDA:0,(anonymous_0)
FNDA:0,(anonymous_1)
DA:3,1
DA:4,0
DA:5,0
DA:6,0
DA:7,0
DA:10,0
LF:6
LH:1
BRF:0
BRH:0
end_of_record
TN:
SF:src\components\UserClass.jsx
FN:4,(anonymous_0)
FN:9,(anonymous_1)
FN:11,(anonymous_2)
FNF:3
FNH:0
FNDA:0,(anonymous_0)
FNDA:0,(anonymous_1)
FNDA:0,(anonymous_2)
DA:5,0
DA:6,0
DA:12,0
DA:14,0
LF:4
LH:0
BRF:0
BRH:0
end_of_record
TN:
SF:src\components\sum.js
FN:1,(anonymous_0)
FNF:1
FNH:1
FNDA:1,(anonymous_0)
DA:1,1
DA:2,1
LF:2
LH:2
BRF:0
BRH:0
end_of_record
TN:
SF:src\utils\UserContext.js
FNF:0
FNH:0
DA:3,4
LF:1
LH:1
BRF:0
BRH:0
end_of_record
TN:
SF:src\utils\appStore.js
FNF:0
FNH:0
DA:4,2
LF:1
LH:1
BRF:0
BRH:0
end_of_record
TN:
SF:src\utils\cartSlice.js
FN:10,(anonymous_0)
FN:13,(anonymous_1)
FN:16,(anonymous_2)
FNF:3
FNH:2
FNDA:2,(anonymous_0)
FNDA:0,(anonymous_1)
FNDA:1,(anonymous_2)
DA:3,2
DA:11,2
DA:14,0
DA:17,1
DA:22,2
LF:5
LH:4
BRF:0
BRH:0
end_of_record
TN:
SF:src\utils\constants.js
FNF:0
FNH:0
DA:2,4
DA:5,4
DA:8,4
LF:3
LH:3
BRF:0
BRH:0
end_of_record
TN:
SF:src\utils\useOnlineStatus.js
FN:3,(anonymous_0)
FN:6,(anonymous_1)
FN:7,(anonymous_2)
FN:11,(anonymous_3)
FNF:4
FNH:2
FNDA:16,(anonymous_0)
FNDA:7,(anonymous_1)
FNDA:0,(anonymous_2)
FNDA:0,(anonymous_3)
DA:3,3
DA:4,16
DA:6,16
DA:7,7
DA:8,0
DA:11,7
DA:12,0
DA:16,16
LF:8
LH:6
BRF:0
BRH:0
end_of_record
TN:
SF:src\utils\useRestaurantMenu.js
FN:4,(anonymous_0)
FN:7,(anonymous_1)
FN:11,(anonymous_2)
FNF:3
FNH:3
FNDA:3,(anonymous_0)
FNDA:1,(anonymous_1)
FNDA:1,(anonymous_2)
DA:4,1
DA:5,3
DA:7,3
DA:8,1
DA:11,3
DA:12,1
DA:13,1
DA:15,1
DA:17,1
DA:19,0
DA:23,3
LF:11
LH:10
BRF:0
BRH:0
end_of_record
